<?xml version="1.0" encoding="UTF-8"?>
<testng-results skipped="0" failed="0" ignored="0" total="1" passed="1">
  <reporter-output>
  </reporter-output>
  <suite name="Default suite" duration-ms="32" started-at="2017-12-03T14:03:41Z" finished-at="2017-12-03T14:03:41Z">
    <groups>
    </groups>
    <test name="Default test" duration-ms="32" started-at="2017-12-03T14:03:41Z" finished-at="2017-12-03T14:03:41Z">
      <class name="gittest.NewTest">
        <test-method status="PASS" signature="f()[pri:0, instance:gittest.NewTest@4501b7af]" name="f" duration-ms="16" started-at="2017-12-03T19:33:41Z" finished-at="2017-12-03T19:33:41Z">
          <reporter-output>
          </reporter-output>
        </test-method> <!-- f -->
      </class> <!-- gittest.NewTest -->
    </test> <!-- Default test -->
  </suite> <!-- Default suite -->
</testng-results>
